<?xml version="1.0" encoding="UTF-8"?>
<!-- Generated by org.testng.reporters.JUnitXMLReporter -->
<testsuite ignored="1" hostname="DESKTOP-O8K8LF0" failures="0" tests="1" name="Test" time="11.721" errors="0" timestamp="2024-12-19T21:18:19 IST">
  <testcase classname="com.testcases.amazon.TC002_Signin" name="signinWithPropertyFile" time="3.055"/>
  <testcase classname="com.testcases.amazon.TC002_Signin" name="signin" time="0.0">
    <ignored/>
  </testcase> <!-- signin -->
</testsuite> <!-- Test -->
