<?xml version="1.0" encoding="UTF-8"?>
<!-- Generated by org.testng.reporters.JUnitXMLReporter -->
<testsuite ignored="0" hostname="DESKTOP-O8K8LF0" failures="0" tests="4" name="Test" time="48.815" errors="0" timestamp="2024-12-25T14:02:39 IST">
  <testcase classname="com.testcases.amazon.TC003_Signin_Invalid" name="login" time="11.532"/>
  <testcase classname="com.testcases.amazon.TC003_Signin_Invalid" name="login" time="2.73"/>
  <testcase classname="com.testcases.amazon.TC003_Signin_Invalid" name="login" time="3.304"/>
  <testcase classname="com.testcases.amazon.TC003_Signin_Invalid" name="login" time="4.076"/>
</testsuite> <!-- Test -->
