<?xml version="1.0" encoding="UTF-8"?>
<!-- Generated by org.testng.reporters.JUnitXMLReporter -->
<testsuite ignored="0" hostname="DESKTOP-O8K8LF0" failures="0" tests="3" name="Test" time="34.54" errors="0" timestamp="2025-01-19T15:17:52 IST">
  <testcase classname="com.testcases.amazon.TC002_Signin" name="signinWithPropertyFile" time="7.483"/>
  <testcase classname="com.testcases.amazon.TC003_Signin_Invalid" name="login" time="5.292"/>
  <testcase classname="com.testcases.amazon.TC003_Signin_Invalid" name="login" time="4.529"/>
</testsuite> <!-- Test -->
