<?xml version="1.0" encoding="UTF-8"?>
<testng-results ignored="0" total="1" passed="1" failed="0" skipped="0">
  <reporter-output>
  </reporter-output>
  <suite started-at="2024-12-18T17:53:09 IST" name="Suite" finished-at="2024-12-18T17:53:15 IST" duration-ms="6163">
    <groups>
    </groups>
    <test started-at="2024-12-18T17:53:09 IST" name="Test" finished-at="2024-12-18T17:53:15 IST" duration-ms="6163">
      <class name="com.testcases.amazon.TC002_Signin">
        <test-method is-config="true" signature="launchBrowser()[pri:0, instance:com.testcases.amazon.TC002_Signin@3d2ee678]" started-at="2024-12-18T17:53:09 IST" name="launchBrowser" finished-at="2024-12-18T17:53:12 IST" duration-ms="3677" status="PASS">
          <reporter-output>
          </reporter-output>
        </test-method> <!-- launchBrowser -->
        <test-method signature="signinWithPropertyFile()[pri:0, instance:com.testcases.amazon.TC002_Signin@3d2ee678]" started-at="2024-12-18T17:53:12 IST" name="signinWithPropertyFile" finished-at="2024-12-18T17:53:15 IST" duration-ms="2297" status="PASS">
          <reporter-output>
          </reporter-output>
        </test-method> <!-- signinWithPropertyFile -->
        <test-method is-config="true" signature="tearDown()[pri:0, instance:com.testcases.amazon.TC002_Signin@3d2ee678]" started-at="2024-12-18T17:53:15 IST" name="tearDown" finished-at="2024-12-18T17:53:15 IST" duration-ms="138" status="PASS">
          <reporter-output>
          </reporter-output>
        </test-method> <!-- tearDown -->
      </class> <!-- com.testcases.amazon.TC002_Signin -->
    </test> <!-- Test -->
  </suite> <!-- Suite -->
</testng-results>
