<?xml version="1.0" encoding="UTF-8"?>
<testng-results ignored="0" total="4" passed="4" failed="0" skipped="0">
  <reporter-output>
    <line>
      <![CDATA[Test case is passed]]>
    </line>
    <line>
      <![CDATA[Test case is passed]]>
    </line>
    <line>
      <![CDATA[Test case is passed]]>
    </line>
    <line>
      <![CDATA[Test case is passed]]>
    </line>
  </reporter-output>
  <suite started-at="2024-12-25T14:01:50 IST" name="Suite" finished-at="2024-12-25T14:02:39 IST" duration-ms="48815">
    <groups>
    </groups>
    <test started-at="2024-12-25T14:01:50 IST" name="Test" finished-at="2024-12-25T14:02:39 IST" duration-ms="48815">
      <class name="com.testcases.amazon.TC003_Signin_Invalid">
        <test-method is-config="true" signature="launchBrowser(org.testng.ITestContext)[pri:0, instance:com.testcases.amazon.TC003_Signin_Invalid@146587a2]" started-at="2024-12-25T14:01:51 IST" name="launchBrowser" finished-at="2024-12-25T14:01:56 IST" duration-ms="5157" status="PASS">
          <params>
            <param index="0">
              <value>
                <![CDATA[org.testng.TestRunner@2f74900b]]>
              </value>
            </param>
          </params>
          <reporter-output>
          </reporter-output>
        </test-method> <!-- launchBrowser -->
        <test-method signature="login(java.lang.String,java.lang.String)[pri:0, instance:com.testcases.amazon.TC003_Signin_Invalid@146587a2]" started-at="2024-12-25T14:01:56 IST" name="login" data-provider="ExcelData" finished-at="2024-12-25T14:02:08 IST" duration-ms="11532" status="PASS">
          <params>
            <param index="0">
              <value>
                <![CDATA[9600255247]]>
              </value>
            </param>
            <param index="1">
              <value>
                <![CDATA[rajaram]]>
              </value>
            </param>
          </params>
          <reporter-output>
            <line>
              <![CDATA[Test case is passed]]>
            </line>
          </reporter-output>
        </test-method> <!-- login -->
        <test-method is-config="true" signature="tearDown()[pri:0, instance:com.testcases.amazon.TC003_Signin_Invalid@146587a2]" started-at="2024-12-25T14:02:10 IST" name="tearDown" finished-at="2024-12-25T14:02:10 IST" duration-ms="2" status="PASS">
          <reporter-output>
          </reporter-output>
        </test-method> <!-- tearDown -->
        <test-method is-config="true" signature="launchBrowser(org.testng.ITestContext)[pri:0, instance:com.testcases.amazon.TC003_Signin_Invalid@146587a2]" started-at="2024-12-25T14:02:10 IST" name="launchBrowser" finished-at="2024-12-25T14:02:14 IST" duration-ms="4178" status="PASS">
          <params>
            <param index="0">
              <value>
                <![CDATA[org.testng.TestRunner@2f74900b]]>
              </value>
            </param>
          </params>
          <reporter-output>
          </reporter-output>
        </test-method> <!-- launchBrowser -->
        <test-method signature="login(java.lang.String,java.lang.String)[pri:0, instance:com.testcases.amazon.TC003_Signin_Invalid@146587a2]" started-at="2024-12-25T14:02:14 IST" name="login" data-provider="ExcelData" finished-at="2024-12-25T14:02:16 IST" duration-ms="2730" status="PASS">
          <params>
            <param index="0">
              <value>
                <![CDATA[9600255247]]>
              </value>
            </param>
            <param index="1">
              <value>
                <![CDATA[raja]]>
              </value>
            </param>
          </params>
          <reporter-output>
            <line>
              <![CDATA[Test case is passed]]>
            </line>
          </reporter-output>
        </test-method> <!-- login -->
        <test-method is-config="true" signature="tearDown()[pri:0, instance:com.testcases.amazon.TC003_Signin_Invalid@146587a2]" started-at="2024-12-25T14:02:18 IST" name="tearDown" finished-at="2024-12-25T14:02:18 IST" duration-ms="0" status="PASS">
          <reporter-output>
          </reporter-output>
        </test-method> <!-- tearDown -->
        <test-method is-config="true" signature="launchBrowser(org.testng.ITestContext)[pri:0, instance:com.testcases.amazon.TC003_Signin_Invalid@146587a2]" started-at="2024-12-25T14:02:18 IST" name="launchBrowser" finished-at="2024-12-25T14:02:23 IST" duration-ms="4445" status="PASS">
          <params>
            <param index="0">
              <value>
                <![CDATA[org.testng.TestRunner@2f74900b]]>
              </value>
            </param>
          </params>
          <reporter-output>
          </reporter-output>
        </test-method> <!-- launchBrowser -->
        <test-method signature="login(java.lang.String,java.lang.String)[pri:0, instance:com.testcases.amazon.TC003_Signin_Invalid@146587a2]" started-at="2024-12-25T14:02:23 IST" name="login" data-provider="ExcelData" finished-at="2024-12-25T14:02:26 IST" duration-ms="3304" status="PASS">
          <params>
            <param index="0">
              <value>
                <![CDATA[9600255247]]>
              </value>
            </param>
            <param index="1">
              <value>
                <![CDATA[raja12]]>
              </value>
            </param>
          </params>
          <reporter-output>
            <line>
              <![CDATA[Test case is passed]]>
            </line>
          </reporter-output>
        </test-method> <!-- login -->
        <test-method is-config="true" signature="tearDown()[pri:0, instance:com.testcases.amazon.TC003_Signin_Invalid@146587a2]" started-at="2024-12-25T14:02:28 IST" name="tearDown" finished-at="2024-12-25T14:02:28 IST" duration-ms="1" status="PASS">
          <reporter-output>
          </reporter-output>
        </test-method> <!-- tearDown -->
        <test-method is-config="true" signature="launchBrowser(org.testng.ITestContext)[pri:0, instance:com.testcases.amazon.TC003_Signin_Invalid@146587a2]" started-at="2024-12-25T14:02:28 IST" name="launchBrowser" finished-at="2024-12-25T14:02:33 IST" duration-ms="4969" status="PASS">
          <params>
            <param index="0">
              <value>
                <![CDATA[org.testng.TestRunner@2f74900b]]>
              </value>
            </param>
          </params>
          <reporter-output>
          </reporter-output>
        </test-method> <!-- launchBrowser -->
        <test-method signature="login(java.lang.String,java.lang.String)[pri:0, instance:com.testcases.amazon.TC003_Signin_Invalid@146587a2]" started-at="2024-12-25T14:02:33 IST" name="login" data-provider="ExcelData" finished-at="2024-12-25T14:02:37 IST" duration-ms="4076" status="PASS">
          <params>
            <param index="0">
              <value>
                <![CDATA[9600255247]]>
              </value>
            </param>
            <param index="1">
              <value>
                <![CDATA[raja2604]]>
              </value>
            </param>
          </params>
          <reporter-output>
            <line>
              <![CDATA[Test case is passed]]>
            </line>
          </reporter-output>
        </test-method> <!-- login -->
        <test-method is-config="true" signature="tearDown()[pri:0, instance:com.testcases.amazon.TC003_Signin_Invalid@146587a2]" started-at="2024-12-25T14:02:39 IST" name="tearDown" finished-at="2024-12-25T14:02:39 IST" duration-ms="1" status="PASS">
          <reporter-output>
          </reporter-output>
        </test-method> <!-- tearDown -->
      </class> <!-- com.testcases.amazon.TC003_Signin_Invalid -->
    </test> <!-- Test -->
  </suite> <!-- Suite -->
</testng-results>
