<?xml version="1.0" encoding="UTF-8"?>
<testng-results ignored="0" total="4" passed="3" failed="1" skipped="0">
  <reporter-output>
  </reporter-output>
  <suite started-at="2024-12-31T23:40:38 IST" name="Suite" finished-at="2024-12-31T23:41:11 IST" duration-ms="33147">
    <groups>
    </groups>
    <test started-at="2024-12-31T23:40:38 IST" name="TestChrome" finished-at="2024-12-31T23:41:11 IST" duration-ms="33147">
      <class name="com.testcases.amazon.TC003_Signin_Invalid">
        <test-method is-config="true" signature="launchBrowser(java.lang.String,java.lang.String,org.testng.ITestContext)[pri:0, instance:com.testcases.amazon.TC003_Signin_Invalid@a4b2d8f]" started-at="2024-12-31T23:40:39 IST" name="launchBrowser" finished-at="2024-12-31T23:40:44 IST" duration-ms="4824" status="PASS">
          <params>
            <param index="0">
              <value>
                <![CDATA[windows]]>
              </value>
            </param>
            <param index="1">
              <value>
                <![CDATA[chrome]]>
              </value>
            </param>
            <param index="2">
              <value>
                <![CDATA[org.testng.TestRunner@f9cab00]]>
              </value>
            </param>
          </params>
          <reporter-output>
          </reporter-output>
        </test-method> <!-- launchBrowser -->
        <test-method signature="login(java.lang.String,java.lang.String)[pri:0, instance:com.testcases.amazon.TC003_Signin_Invalid@a4b2d8f]" started-at="2024-12-31T23:40:44 IST" name="login" data-provider="ExcelData" finished-at="2024-12-31T23:40:47 IST" duration-ms="3248" status="PASS">
          <params>
            <param index="0">
              <value>
                <![CDATA[9600255247]]>
              </value>
            </param>
            <param index="1">
              <value>
                <![CDATA[rajaram]]>
              </value>
            </param>
          </params>
          <reporter-output>
          </reporter-output>
        </test-method> <!-- login -->
        <test-method is-config="true" signature="tearDown()[pri:0, instance:com.testcases.amazon.TC003_Signin_Invalid@a4b2d8f]" started-at="2024-12-31T23:40:47 IST" name="tearDown" finished-at="2024-12-31T23:40:47 IST" duration-ms="2" status="PASS">
          <reporter-output>
          </reporter-output>
        </test-method> <!-- tearDown -->
        <test-method is-config="true" signature="launchBrowser(java.lang.String,java.lang.String,org.testng.ITestContext)[pri:0, instance:com.testcases.amazon.TC003_Signin_Invalid@a4b2d8f]" started-at="2024-12-31T23:40:47 IST" name="launchBrowser" finished-at="2024-12-31T23:40:51 IST" duration-ms="3887" status="PASS">
          <params>
            <param index="0">
              <value>
                <![CDATA[windows]]>
              </value>
            </param>
            <param index="1">
              <value>
                <![CDATA[chrome]]>
              </value>
            </param>
            <param index="2">
              <value>
                <![CDATA[org.testng.TestRunner@f9cab00]]>
              </value>
            </param>
          </params>
          <reporter-output>
          </reporter-output>
        </test-method> <!-- launchBrowser -->
        <test-method signature="login(java.lang.String,java.lang.String)[pri:0, instance:com.testcases.amazon.TC003_Signin_Invalid@a4b2d8f]" started-at="2024-12-31T23:40:51 IST" name="login" data-provider="ExcelData" finished-at="2024-12-31T23:40:54 IST" duration-ms="2842" status="PASS">
          <params>
            <param index="0">
              <value>
                <![CDATA[9600255247]]>
              </value>
            </param>
            <param index="1">
              <value>
                <![CDATA[raja]]>
              </value>
            </param>
          </params>
          <reporter-output>
          </reporter-output>
        </test-method> <!-- login -->
        <test-method is-config="true" signature="tearDown()[pri:0, instance:com.testcases.amazon.TC003_Signin_Invalid@a4b2d8f]" started-at="2024-12-31T23:40:54 IST" name="tearDown" finished-at="2024-12-31T23:40:54 IST" duration-ms="0" status="PASS">
          <reporter-output>
          </reporter-output>
        </test-method> <!-- tearDown -->
        <test-method is-config="true" signature="launchBrowser(java.lang.String,java.lang.String,org.testng.ITestContext)[pri:0, instance:com.testcases.amazon.TC003_Signin_Invalid@a4b2d8f]" started-at="2024-12-31T23:40:54 IST" name="launchBrowser" finished-at="2024-12-31T23:40:58 IST" duration-ms="3589" status="PASS">
          <params>
            <param index="0">
              <value>
                <![CDATA[windows]]>
              </value>
            </param>
            <param index="1">
              <value>
                <![CDATA[chrome]]>
              </value>
            </param>
            <param index="2">
              <value>
                <![CDATA[org.testng.TestRunner@f9cab00]]>
              </value>
            </param>
          </params>
          <reporter-output>
          </reporter-output>
        </test-method> <!-- launchBrowser -->
        <test-method signature="login(java.lang.String,java.lang.String)[pri:0, instance:com.testcases.amazon.TC003_Signin_Invalid@a4b2d8f]" started-at="2024-12-31T23:40:58 IST" name="login" data-provider="ExcelData" finished-at="2024-12-31T23:41:04 IST" duration-ms="6479" status="FAIL">
          <params>
            <param index="0">
              <value>
                <![CDATA[9600255247]]>
              </value>
            </param>
            <param index="1">
              <value>
                <![CDATA[raja12]]>
              </value>
            </param>
          </params>
          <exception class="org.openqa.selenium.NoSuchElementException">
            <message>
              <![CDATA[Unable to find element with locator By.id: nav-link-accountList-nav-line-1
For documentation on this error, please visit: https://www.selenium.dev/documentation/webdriver/troubleshooting/errors#no-such-element-exception
Build info: version: '4.27.0', revision: 'd6e718d134'
System info: os.name: 'Windows 11', os.arch: 'amd64', os.version: '10.0', java.version: '22.0.2'
Driver info: driver.version: RemoteWebDriver]]>
            </message>
            <full-stacktrace>
              <![CDATA[org.openqa.selenium.NoSuchElementException: Unable to find element with locator By.id: nav-link-accountList-nav-line-1
For documentation on this error, please visit: https://www.selenium.dev/documentation/webdriver/troubleshooting/errors#no-such-element-exception
Build info: version: '4.27.0', revision: 'd6e718d134'
System info: os.name: 'Windows 11', os.arch: 'amd64', os.version: '10.0', java.version: '22.0.2'
Driver info: driver.version: RemoteWebDriver
at org.openqa.selenium.remote.ElementLocation$ElementFinder$2.findElement(ElementLocation.java:168)
at org.openqa.selenium.remote.ElementLocation.findElement(ElementLocation.java:66)
at org.openqa.selenium.remote.RemoteWebDriver.findElement(RemoteWebDriver.java:368)
at org.openqa.selenium.remote.RemoteWebDriver.findElement(RemoteWebDriver.java:362)
at org.openqa.selenium.support.pagefactory.DefaultElementLocator.findElement(DefaultElementLocator.java:68)
at org.openqa.selenium.support.pagefactory.internal.LocatingElementHandler.invoke(LocatingElementHandler.java:38)
at jdk.proxy2/jdk.proxy2.$Proxy30.click(Unknown Source)
at com.pageobjects.amazon.B_HomePage.signIn(B_HomePage.java:31)
at com.testcases.amazon.TC003_Signin_Invalid.login(TC003_Signin_Invalid.java:18)
at java.base/jdk.internal.reflect.DirectMethodHandleAccessor.invoke(DirectMethodHandleAccessor.java:103)
at java.base/java.lang.reflect.Method.invoke(Method.java:580)
at org.testng.internal.invokers.MethodInvocationHelper.invokeMethod(MethodInvocationHelper.java:141)
at org.testng.internal.invokers.TestInvoker.invokeMethod(TestInvoker.java:686)
at org.testng.internal.invokers.TestInvoker.invokeTestMethod(TestInvoker.java:230)
at org.testng.internal.invokers.MethodRunner.runInSequence(MethodRunner.java:63)
at org.testng.internal.invokers.TestInvoker$MethodInvocationAgent.invoke(TestInvoker.java:992)
at org.testng.internal.invokers.TestInvoker.invokeTestMethods(TestInvoker.java:203)
at org.testng.internal.invokers.TestMethodWorker.invokeTestMethods(TestMethodWorker.java:154)
at org.testng.internal.invokers.TestMethodWorker.run(TestMethodWorker.java:134)
at java.base/java.util.ArrayList.forEach(ArrayList.java:1597)
at org.testng.TestRunner.privateRun(TestRunner.java:739)
at org.testng.TestRunner.run(TestRunner.java:614)
at org.testng.SuiteRunner.runTest(SuiteRunner.java:421)
at org.testng.SuiteRunner.runSequentially(SuiteRunner.java:413)
at org.testng.SuiteRunner.privateRun(SuiteRunner.java:373)
at org.testng.SuiteRunner.run(SuiteRunner.java:312)
at org.testng.SuiteRunnerWorker.runSuite(SuiteRunnerWorker.java:52)
at org.testng.SuiteRunnerWorker.run(SuiteRunnerWorker.java:95)
at org.testng.TestNG.runSuitesSequentially(TestNG.java:1274)
at org.testng.TestNG.runSuitesLocally(TestNG.java:1208)
at org.testng.TestNG.runSuites(TestNG.java:1112)
at org.testng.TestNG.run(TestNG.java:1079)
at org.testng.remote.AbstractRemoteTestNG.run(AbstractRemoteTestNG.java:115)
at org.testng.remote.RemoteTestNG.initAndRun(RemoteTestNG.java:293)
at org.testng.remote.RemoteTestNG.main(RemoteTestNG.java:91)
]]>
            </full-stacktrace>
          </exception> <!-- org.openqa.selenium.NoSuchElementException -->
          <reporter-output>
          </reporter-output>
        </test-method> <!-- login -->
        <test-method is-config="true" signature="tearDown()[pri:0, instance:com.testcases.amazon.TC003_Signin_Invalid@a4b2d8f]" started-at="2024-12-31T23:41:04 IST" name="tearDown" finished-at="2024-12-31T23:41:04 IST" duration-ms="2" status="PASS">
          <reporter-output>
          </reporter-output>
        </test-method> <!-- tearDown -->
        <test-method is-config="true" signature="launchBrowser(java.lang.String,java.lang.String,org.testng.ITestContext)[pri:0, instance:com.testcases.amazon.TC003_Signin_Invalid@a4b2d8f]" started-at="2024-12-31T23:41:04 IST" name="launchBrowser" finished-at="2024-12-31T23:41:08 IST" duration-ms="4409" status="PASS">
          <params>
            <param index="0">
              <value>
                <![CDATA[windows]]>
              </value>
            </param>
            <param index="1">
              <value>
                <![CDATA[chrome]]>
              </value>
            </param>
            <param index="2">
              <value>
                <![CDATA[org.testng.TestRunner@f9cab00]]>
              </value>
            </param>
          </params>
          <reporter-output>
          </reporter-output>
        </test-method> <!-- launchBrowser -->
        <test-method signature="login(java.lang.String,java.lang.String)[pri:0, instance:com.testcases.amazon.TC003_Signin_Invalid@a4b2d8f]" started-at="2024-12-31T23:41:08 IST" name="login" data-provider="ExcelData" finished-at="2024-12-31T23:41:11 IST" duration-ms="2940" status="PASS">
          <params>
            <param index="0">
              <value>
                <![CDATA[9600255247]]>
              </value>
            </param>
            <param index="1">
              <value>
                <![CDATA[raja2604]]>
              </value>
            </param>
          </params>
          <reporter-output>
          </reporter-output>
        </test-method> <!-- login -->
        <test-method is-config="true" signature="tearDown()[pri:0, instance:com.testcases.amazon.TC003_Signin_Invalid@a4b2d8f]" started-at="2024-12-31T23:41:11 IST" name="tearDown" finished-at="2024-12-31T23:41:11 IST" duration-ms="1" status="PASS">
          <reporter-output>
          </reporter-output>
        </test-method> <!-- tearDown -->
      </class> <!-- com.testcases.amazon.TC003_Signin_Invalid -->
    </test> <!-- TestChrome -->
  </suite> <!-- Suite -->
</testng-results>
